2014-02-17 15:18:19.797 HelloWorld[2287:a0b] Multi-tasking -> Device: YES, App: YES
2014-02-17 15:18:19.877 HelloWorld[2287:a0b] Unlimited access to network resources
2014-02-17 15:18:21.677 HelloWorld[2287:a0b] Resetting plugins due to page load.
2014-02-17 15:18:21.932 HelloWorld[2287:a0b] Finished load of: file:///Users/f-itferial/Library/Application%20Support/iPhone%20Simulator/7.0.3/Applications/B918352A-FF7A-4333-88DA-43DFC17396F3/HelloWorld.app/www/index.html
2014-02-17 15:19:13.185 HelloWorld[2870:a0b] Multi-tasking -> Device: YES, App: YES
2014-02-17 15:19:13.207 HelloWorld[2870:a0b] Unlimited access to network resources
2014-02-17 15:19:13.503 HelloWorld[2870:a0b] Resetting plugins due to page load.
2014-02-17 15:19:13.586 HelloWorld[2870:a0b] Finished load of: file:///Users/f-itferial/Library/Application%20Support/iPhone%20Simulator/7.0.3/Applications/B918352A-FF7A-4333-88DA-43DFC17396F3/HelloWorld.app/www/index.html
2014-02-17 15:37:27.914 HelloWorld[2870:a0b] Received memory warning.
objc[4334]: Class AXEmojiUtilities is implemented in both /Applications/Xcode.app/Contents/Developer/Platforms/iPhoneSimulator.platform/Developer/SDKs/iPhoneSimulator7.0.sdk/System/Library/PrivateFrameworks/AccessibilityUtilities.framework/AccessibilityUtilities and /Applications/Xcode.app/Contents/Developer/Platforms/iPhoneSimulator.platform/Developer/SDKs/iPhoneSimulator7.0.sdk/usr/lib/libAXSpeechManager.dylib. One of the two will be used. Which one is undefined.
2014-02-17 17:06:24.418 HelloWorld[4334:a0b] Cannot find executable for CFBundle 0xb067d80 </Applications/Xcode.app/Contents/Developer/Platforms/iPhoneSimulator.platform/Developer/SDKs/iPhoneSimulator7.0.sdk/System/Library/AccessibilityBundles/CertUIFramework.axbundle> (not loaded)
2014-02-17 17:06:24.437 HelloWorld[4334:a0b] Cannot find executable for CFBundle 0xa3af5a0 </Applications/Xcode.app/Contents/Developer/Platforms/iPhoneSimulator.platform/Developer/SDKs/iPhoneSimulator7.0.sdk/System/Library/AccessibilityBundles/GeoServices.axbundle> (not loaded)
2014-02-17 17:06:24.464 HelloWorld[4334:a0b] Multi-tasking -> Device: YES, App: YES
2014-02-17 17:06:24.718 HelloWorld[4334:a0b] Unlimited access to network resources
2014-02-17 17:06:25.908 HelloWorld[4334:a0b] Resetting plugins due to page load.
2014-02-17 17:06:26.186 HelloWorld[4334:a0b] Finished load of: file:///Users/f-itferial/Library/Application%20Support/iPhone%20Simulator/7.0.3/Applications/B918352A-FF7A-4333-88DA-43DFC17396F3/HelloWorld.app/www/index.html
objc[4947]: Class AXEmojiUtilities is implemented in both /Applications/Xcode.app/Contents/Developer/Platforms/iPhoneSimulator.platform/Developer/SDKs/iPhoneSimulator7.0.sdk/System/Library/PrivateFrameworks/AccessibilityUtilities.framework/AccessibilityUtilities and /Applications/Xcode.app/Contents/Developer/Platforms/iPhoneSimulator.platform/Developer/SDKs/iPhoneSimulator7.0.sdk/usr/lib/libAXSpeechManager.dylib. One of the two will be used. Which one is undefined.
2014-02-17 17:15:27.072 HelloWorld[4947:a0b] Cannot find executable for CFBundle 0xeb4c880 </Applications/Xcode.app/Contents/Developer/Platforms/iPhoneSimulator.platform/Developer/SDKs/iPhoneSimulator7.0.sdk/System/Library/AccessibilityBundles/CertUIFramework.axbundle> (not loaded)
2014-02-17 17:15:27.156 HelloWorld[4947:a0b] Cannot find executable for CFBundle 0xeb8d290 </Applications/Xcode.app/Contents/Developer/Platforms/iPhoneSimulator.platform/Developer/SDKs/iPhoneSimulator7.0.sdk/System/Library/AccessibilityBundles/GeoServices.axbundle> (not loaded)
2014-02-17 17:15:27.217 HelloWorld[4947:a0b] Multi-tasking -> Device: YES, App: YES
2014-02-17 17:15:27.229 HelloWorld[4947:a0b] Unlimited access to network resources
2014-02-17 17:15:27.429 HelloWorld[4947:a0b] Resetting plugins due to page load.
2014-02-17 17:15:27.523 HelloWorld[4947:a0b] Finished load of: file:///Users/f-itferial/Library/Application%20Support/iPhone%20Simulator/7.0.3/Applications/B918352A-FF7A-4333-88DA-43DFC17396F3/HelloWorld.app/www/index.html
objc[5552]: Class AXEmojiUtilities is implemented in both /Applications/Xcode.app/Contents/Developer/Platforms/iPhoneSimulator.platform/Developer/SDKs/iPhoneSimulator7.0.sdk/System/Library/PrivateFrameworks/AccessibilityUtilities.framework/AccessibilityUtilities and /Applications/Xcode.app/Contents/Developer/Platforms/iPhoneSimulator.platform/Developer/SDKs/iPhoneSimulator7.0.sdk/usr/lib/libAXSpeechManager.dylib. One of the two will be used. Which one is undefined.
2014-02-17 17:22:08.361 HelloWorld[5552:a0b] Cannot find executable for CFBundle 0xb33efc0 </Applications/Xcode.app/Contents/Developer/Platforms/iPhoneSimulator.platform/Developer/SDKs/iPhoneSimulator7.0.sdk/System/Library/AccessibilityBundles/GeoServices.axbundle> (not loaded)
2014-02-17 17:22:08.395 HelloWorld[5552:a0b] Cannot find executable for CFBundle 0xb360c00 </Applications/Xcode.app/Contents/Developer/Platforms/iPhoneSimulator.platform/Developer/SDKs/iPhoneSimulator7.0.sdk/System/Library/AccessibilityBundles/CertUIFramework.axbundle> (not loaded)
2014-02-17 17:22:08.461 HelloWorld[5552:a0b] Multi-tasking -> Device: YES, App: YES
2014-02-17 17:22:08.470 HelloWorld[5552:a0b] Unlimited access to network resources
2014-02-17 17:22:08.639 HelloWorld[5552:a0b] Resetting plugins due to page load.
2014-02-17 17:22:08.670 HelloWorld[5552:a0b] Finished load of: file:///Users/f-itferial/Library/Application%20Support/iPhone%20Simulator/7.0.3/Applications/B918352A-FF7A-4333-88DA-43DFC17396F3/HelloWorld.app/www/index.html
objc[6148]: Class AXEmojiUtilities is implemented in both /Applications/Xcode.app/Contents/Developer/Platforms/iPhoneSimulator.platform/Developer/SDKs/iPhoneSimulator7.0.sdk/System/Library/PrivateFrameworks/AccessibilityUtilities.framework/AccessibilityUtilities and /Applications/Xcode.app/Contents/Developer/Platforms/iPhoneSimulator.platform/Developer/SDKs/iPhoneSimulator7.0.sdk/usr/lib/libAXSpeechManager.dylib. One of the two will be used. Which one is undefined.
2014-02-17 17:23:56.765 HelloWorld[6148:a0b] Cannot find executable for CFBundle 0xd38e690 </Applications/Xcode.app/Contents/Developer/Platforms/iPhoneSimulator.platform/Developer/SDKs/iPhoneSimulator7.0.sdk/System/Library/AccessibilityBundles/GeoServices.axbundle> (not loaded)
2014-02-17 17:23:56.794 HelloWorld[6148:a0b] Cannot find executable for CFBundle 0xd191370 </Applications/Xcode.app/Contents/Developer/Platforms/iPhoneSimulator.platform/Developer/SDKs/iPhoneSimulator7.0.sdk/System/Library/AccessibilityBundles/CertUIFramework.axbundle> (not loaded)
2014-02-17 17:23:56.844 HelloWorld[6148:a0b] Multi-tasking -> Device: YES, App: YES
2014-02-17 17:23:56.853 HelloWorld[6148:a0b] Unlimited access to network resources
2014-02-17 17:23:57.066 HelloWorld[6148:a0b] Resetting plugins due to page load.
2014-02-17 17:23:57.094 HelloWorld[6148:a0b] Finished load of: file:///Users/f-itferial/Library/Application%20Support/iPhone%20Simulator/7.0.3/Applications/B918352A-FF7A-4333-88DA-43DFC17396F3/HelloWorld.app/www/index.html
objc[4426]: Class AXEmojiUtilities is implemented in both /Applications/Xcode.app/Contents/Developer/Platforms/iPhoneSimulator.platform/Developer/SDKs/iPhoneSimulator7.0.sdk/System/Library/PrivateFrameworks/AccessibilityUtilities.framework/AccessibilityUtilities and /Applications/Xcode.app/Contents/Developer/Platforms/iPhoneSimulator.platform/Developer/SDKs/iPhoneSimulator7.0.sdk/usr/lib/libAXSpeechManager.dylib. One of the two will be used. Which one is undefined.
2014-02-20 08:18:57.479 HelloWorld[4426:a0b] Cannot find executable for CFBundle 0xa381730 </Applications/Xcode.app/Contents/Developer/Platforms/iPhoneSimulator.platform/Developer/SDKs/iPhoneSimulator7.0.sdk/System/Library/AccessibilityBundles/GeoServices.axbundle> (not loaded)
2014-02-20 08:18:57.491 HelloWorld[4426:a0b] Cannot find executable for CFBundle 0xb0596f0 </Applications/Xcode.app/Contents/Developer/Platforms/iPhoneSimulator.platform/Developer/SDKs/iPhoneSimulator7.0.sdk/System/Library/AccessibilityBundles/CertUIFramework.axbundle> (not loaded)
2014-02-20 08:18:57.520 HelloWorld[4426:a0b] Multi-tasking -> Device: YES, App: YES
2014-02-20 08:18:57.684 HelloWorld[4426:a0b] Unlimited access to network resources
2014-02-20 08:18:58.839 HelloWorld[4426:a0b] Resetting plugins due to page load.
2014-02-20 08:18:59.036 HelloWorld[4426:a0b] Finished load of: file:///Users/f-itferial/Library/Application%20Support/iPhone%20Simulator/7.0.3/Applications/B918352A-FF7A-4333-88DA-43DFC17396F3/HelloWorld.app/www/index.html
2014-02-20 08:24:08.777 HelloWorld[4426:a0b] Resetting plugins due to page load.
2014-02-20 08:24:10.280 HelloWorld[4426:a0b] CDVWebViewDelegate: Detected redirect when loadCount=2
2014-02-20 08:24:10.282 HelloWorld[4426:a0b] Failed to load webpage with error: The operation couldn’t be completed. (NSURLErrorDomain error -999.)
2014-02-20 08:24:10.283 HelloWorld[4426:a0b] Resetting plugins due to page load.
objc[4780]: Class AXEmojiUtilities is implemented in both /Applications/Xcode.app/Contents/Developer/Platforms/iPhoneSimulator.platform/Developer/SDKs/iPhoneSimulator7.0.sdk/System/Library/PrivateFrameworks/AccessibilityUtilities.framework/AccessibilityUtilities and /Applications/Xcode.app/Contents/Developer/Platforms/iPhoneSimulator.platform/Developer/SDKs/iPhoneSimulator7.0.sdk/usr/lib/libAXSpeechManager.dylib. One of the two will be used. Which one is undefined.
2014-02-20 08:24:51.775 HelloWorld[4780:a0b] Cannot find executable for CFBundle 0xd338480 </Applications/Xcode.app/Contents/Developer/Platforms/iPhoneSimulator.platform/Developer/SDKs/iPhoneSimulator7.0.sdk/System/Library/AccessibilityBundles/CertUIFramework.axbundle> (not loaded)
2014-02-20 08:24:51.807 HelloWorld[4780:a0b] Cannot find executable for CFBundle 0xd340840 </Applications/Xcode.app/Contents/Developer/Platforms/iPhoneSimulator.platform/Developer/SDKs/iPhoneSimulator7.0.sdk/System/Library/AccessibilityBundles/GeoServices.axbundle> (not loaded)
2014-02-20 08:24:51.920 HelloWorld[4780:a0b] Multi-tasking -> Device: YES, App: YES
2014-02-20 08:24:51.932 HelloWorld[4780:a0b] Unlimited access to network resources
2014-02-20 08:24:52.044 HelloWorld[4780:a0b] Resetting plugins due to page load.
2014-02-20 08:24:52.086 HelloWorld[4780:a0b] Finished load of: file:///Users/f-itferial/Library/Application%20Support/iPhone%20Simulator/7.0.3/Applications/B918352A-FF7A-4333-88DA-43DFC17396F3/HelloWorld.app/www/index.html
2014-02-20 08:24:56.935 HelloWorld[4780:a0b] Resetting plugins due to page load.
2014-02-20 08:24:56.941 HelloWorld[4780:a0b] Finished load of: file:///Users/f-itferial/Library/Application%20Support/iPhone%20Simulator/7.0.3/Applications/B918352A-FF7A-4333-88DA-43DFC17396F3/HelloWorld.app/www/manuelID.html
2014-02-20 08:24:59.033 HelloWorld[4780:a0b] Resetting plugins due to page load.
2014-02-20 08:24:59.038 HelloWorld[4780:a0b] Finished load of: file:///Users/f-itferial/Library/Application%20Support/iPhone%20Simulator/7.0.3/Applications/B918352A-FF7A-4333-88DA-43DFC17396F3/HelloWorld.app/www/manuelID.html
2014-02-20 08:25:00.447 HelloWorld[4780:a0b] Resetting plugins due to page load.
2014-02-20 08:25:00.451 HelloWorld[4780:a0b] Finished load of: file:///Users/f-itferial/Library/Application%20Support/iPhone%20Simulator/7.0.3/Applications/B918352A-FF7A-4333-88DA-43DFC17396F3/HelloWorld.app/www/index.html
2014-02-20 08:25:02.416 HelloWorld[4780:a0b] Resetting plugins due to page load.
2014-02-20 08:25:02.422 HelloWorld[4780:a0b] Finished load of: file:///Users/f-itferial/Library/Application%20Support/iPhone%20Simulator/7.0.3/Applications/B918352A-FF7A-4333-88DA-43DFC17396F3/HelloWorld.app/www/manuelID.html
2014-02-20 08:25:03.634 HelloWorld[4780:a0b] Resetting plugins due to page load.
2014-02-20 08:25:03.639 HelloWorld[4780:a0b] Finished load of: file:///Users/f-itferial/Library/Application%20Support/iPhone%20Simulator/7.0.3/Applications/B918352A-FF7A-4333-88DA-43DFC17396F3/HelloWorld.app/www/index.html
2014-02-20 08:25:05.168 HelloWorld[4780:a0b] Resetting plugins due to page load.
2014-02-20 08:25:05.173 HelloWorld[4780:a0b] Finished load of: file:///Users/f-itferial/Library/Application%20Support/iPhone%20Simulator/7.0.3/Applications/B918352A-FF7A-4333-88DA-43DFC17396F3/HelloWorld.app/www/manuelID.html
2014-02-20 08:25:09.443 HelloWorld[4780:a0b] Resetting plugins due to page load.
2014-02-20 08:25:09.449 HelloWorld[4780:a0b] Finished load of: file:///Users/f-itferial/Library/Application%20Support/iPhone%20Simulator/7.0.3/Applications/B918352A-FF7A-4333-88DA-43DFC17396F3/HelloWorld.app/www/index.html
2014-02-20 08:25:10.383 HelloWorld[4780:a0b] Resetting plugins due to page load.
2014-02-20 08:25:10.389 HelloWorld[4780:a0b] Finished load of: file:///Users/f-itferial/Library/Application%20Support/iPhone%20Simulator/7.0.3/Applications/B918352A-FF7A-4333-88DA-43DFC17396F3/HelloWorld.app/www/index.html
2014-02-20 08:25:11.140 HelloWorld[4780:a0b] Resetting plugins due to page load.
2014-02-20 08:25:11.146 HelloWorld[4780:a0b] Finished load of: file:///Users/f-itferial/Library/Application%20Support/iPhone%20Simulator/7.0.3/Applications/B918352A-FF7A-4333-88DA-43DFC17396F3/HelloWorld.app/www/index.html
2014-02-20 08:25:12.190 HelloWorld[4780:a0b] Resetting plugins due to page load.
2014-02-20 08:25:12.197 HelloWorld[4780:a0b] Finished load of: file:///Users/f-itferial/Library/Application%20Support/iPhone%20Simulator/7.0.3/Applications/B918352A-FF7A-4333-88DA-43DFC17396F3/HelloWorld.app/www/manuelID.html
2014-02-20 08:25:13.478 HelloWorld[4780:a0b] Resetting plugins due to page load.
2014-02-20 08:25:13.483 HelloWorld[4780:a0b] Finished load of: file:///Users/f-itferial/Library/Application%20Support/iPhone%20Simulator/7.0.3/Applications/B918352A-FF7A-4333-88DA-43DFC17396F3/HelloWorld.app/www/index.html
2014-02-20 08:25:17.210 HelloWorld[4780:a0b] Resetting plugins due to page load.
2014-02-20 08:25:17.215 HelloWorld[4780:a0b] Finished load of: file:///Users/f-itferial/Library/Application%20Support/iPhone%20Simulator/7.0.3/Applications/B918352A-FF7A-4333-88DA-43DFC17396F3/HelloWorld.app/www/index.html
objc[6632]: Class AXEmojiUtilities is implemented in both /Applications/Xcode.app/Contents/Developer/Platforms/iPhoneSimulator.platform/Developer/SDKs/iPhoneSimulator7.0.sdk/System/Library/PrivateFrameworks/AccessibilityUtilities.framework/AccessibilityUtilities and /Applications/Xcode.app/Contents/Developer/Platforms/iPhoneSimulator.platform/Developer/SDKs/iPhoneSimulator7.0.sdk/usr/lib/libAXSpeechManager.dylib. One of the two will be used. Which one is undefined.
2014-02-20 08:41:53.421 HelloWorld[6632:a0b] Cannot find executable for CFBundle 0xb095f10 </Applications/Xcode.app/Contents/Developer/Platforms/iPhoneSimulator.platform/Developer/SDKs/iPhoneSimulator7.0.sdk/System/Library/AccessibilityBundles/GeoServices.axbundle> (not loaded)
2014-02-20 08:41:53.474 HelloWorld[6632:a0b] Cannot find executable for CFBundle 0xb49b4f0 </Applications/Xcode.app/Contents/Developer/Platforms/iPhoneSimulator.platform/Developer/SDKs/iPhoneSimulator7.0.sdk/System/Library/AccessibilityBundles/CertUIFramework.axbundle> (not loaded)
2014-02-20 08:41:53.551 HelloWorld[6632:a0b] Multi-tasking -> Device: YES, App: YES
2014-02-20 08:41:53.560 HelloWorld[6632:a0b] Unlimited access to network resources
2014-02-20 08:41:53.717 HelloWorld[6632:a0b] Resetting plugins due to page load.
2014-02-20 08:41:53.745 HelloWorld[6632:a0b] Finished load of: file:///Users/f-itferial/Library/Application%20Support/iPhone%20Simulator/7.0.3/Applications/B918352A-FF7A-4333-88DA-43DFC17396F3/HelloWorld.app/www/index.html
objc[10274]: Class AXEmojiUtilities is implemented in both /Applications/Xcode.app/Contents/Developer/Platforms/iPhoneSimulator.platform/Developer/SDKs/iPhoneSimulator7.0.sdk/System/Library/PrivateFrameworks/AccessibilityUtilities.framework/AccessibilityUtilities and /Applications/Xcode.app/Contents/Developer/Platforms/iPhoneSimulator.platform/Developer/SDKs/iPhoneSimulator7.0.sdk/usr/lib/libAXSpeechManager.dylib. One of the two will be used. Which one is undefined.
2014-02-20 11:12:08.607 HelloWorld[10274:a0b] Cannot find executable for CFBundle 0xb228440 </Applications/Xcode.app/Contents/Developer/Platforms/iPhoneSimulator.platform/Developer/SDKs/iPhoneSimulator7.0.sdk/System/Library/AccessibilityBundles/CertUIFramework.axbundle> (not loaded)
2014-02-20 11:12:08.642 HelloWorld[10274:a0b] Cannot find executable for CFBundle 0xb05ce20 </Applications/Xcode.app/Contents/Developer/Platforms/iPhoneSimulator.platform/Developer/SDKs/iPhoneSimulator7.0.sdk/System/Library/AccessibilityBundles/GeoServices.axbundle> (not loaded)
2014-02-20 11:12:08.711 HelloWorld[10274:a0b] Multi-tasking -> Device: YES, App: YES
2014-02-20 11:12:08.721 HelloWorld[10274:a0b] Unlimited access to network resources
2014-02-20 11:12:08.895 HelloWorld[10274:a0b] Resetting plugins due to page load.
2014-02-20 11:12:08.921 HelloWorld[10274:a0b] Finished load of: file:///Users/f-itferial/Library/Application%20Support/iPhone%20Simulator/7.0.3/Applications/B918352A-FF7A-4333-88DA-43DFC17396F3/HelloWorld.app/www/index.html
2014-02-20 11:12:11.230 HelloWorld[10274:a0b] Resetting plugins due to page load.
2014-02-20 11:12:11.236 HelloWorld[10274:a0b] Finished load of: file:///Users/f-itferial/Library/Application%20Support/iPhone%20Simulator/7.0.3/Applications/B918352A-FF7A-4333-88DA-43DFC17396F3/HelloWorld.app/www/manuelID.html
2014-02-20 11:12:13.568 HelloWorld[10274:a0b] Resetting plugins due to page load.
2014-02-20 11:12:13.573 HelloWorld[10274:a0b] Finished load of: file:///Users/f-itferial/Library/Application%20Support/iPhone%20Simulator/7.0.3/Applications/B918352A-FF7A-4333-88DA-43DFC17396F3/HelloWorld.app/www/index.html
2014-02-20 11:12:14.584 HelloWorld[10274:a0b] Resetting plugins due to page load.
2014-02-20 11:12:15.700 HelloWorld[10274:a0b] Finished load of: http://www.webqr.com/about.html
objc[10963]: Class AXEmojiUtilities is implemented in both /Applications/Xcode.app/Contents/Developer/Platforms/iPhoneSimulator.platform/Developer/SDKs/iPhoneSimulator7.0.sdk/System/Library/PrivateFrameworks/AccessibilityUtilities.framework/AccessibilityUtilities and /Applications/Xcode.app/Contents/Developer/Platforms/iPhoneSimulator.platform/Developer/SDKs/iPhoneSimulator7.0.sdk/usr/lib/libAXSpeechManager.dylib. One of the two will be used. Which one is undefined.
2014-02-20 11:25:20.084 HelloWorld[10963:a0b] Cannot find executable for CFBundle 0xbb4dbd0 </Applications/Xcode.app/Contents/Developer/Platforms/iPhoneSimulator.platform/Developer/SDKs/iPhoneSimulator7.0.sdk/System/Library/AccessibilityBundles/CertUIFramework.axbundle> (not loaded)
2014-02-20 11:25:20.147 HelloWorld[10963:a0b] Cannot find executable for CFBundle 0xba7f6b0 </Applications/Xcode.app/Contents/Developer/Platforms/iPhoneSimulator.platform/Developer/SDKs/iPhoneSimulator7.0.sdk/System/Library/AccessibilityBundles/GeoServices.axbundle> (not loaded)
2014-02-20 11:25:20.231 HelloWorld[10963:a0b] Multi-tasking -> Device: YES, App: YES
2014-02-20 11:25:20.242 HelloWorld[10963:a0b] Unlimited access to network resources
2014-02-20 11:25:20.414 HelloWorld[10963:a0b] Resetting plugins due to page load.
2014-02-20 11:25:20.441 HelloWorld[10963:a0b] Finished load of: file:///Users/f-itferial/Library/Application%20Support/iPhone%20Simulator/7.0.3/Applications/B918352A-FF7A-4333-88DA-43DFC17396F3/HelloWorld.app/www/index.html
2014-02-20 11:25:23.540 HelloWorld[10963:a0b] Resetting plugins due to page load.
2014-02-20 11:25:23.546 HelloWorld[10963:a0b] Finished load of: file:///Users/f-itferial/Library/Application%20Support/iPhone%20Simulator/7.0.3/Applications/B918352A-FF7A-4333-88DA-43DFC17396F3/HelloWorld.app/www/manuelID.html
2014-02-20 11:25:25.426 HelloWorld[10963:a0b] Resetting plugins due to page load.
2014-02-20 11:25:25.431 HelloWorld[10963:a0b] Finished load of: file:///Users/f-itferial/Library/Application%20Support/iPhone%20Simulator/7.0.3/Applications/B918352A-FF7A-4333-88DA-43DFC17396F3/HelloWorld.app/www/index.html
2014-02-20 11:25:27.137 HelloWorld[10963:a0b] Resetting plugins due to page load.
2014-02-20 11:25:28.060 HelloWorld[10963:a0b] Finished load of: http://www.webqr.com/about.html
objc[11623]: Class AXEmojiUtilities is implemented in both /Applications/Xcode.app/Contents/Developer/Platforms/iPhoneSimulator.platform/Developer/SDKs/iPhoneSimulator7.0.sdk/System/Library/PrivateFrameworks/AccessibilityUtilities.framework/AccessibilityUtilities and /Applications/Xcode.app/Contents/Developer/Platforms/iPhoneSimulator.platform/Developer/SDKs/iPhoneSimulator7.0.sdk/usr/lib/libAXSpeechManager.dylib. One of the two will be used. Which one is undefined.
2014-02-20 12:26:20.595 HelloWorld[11623:a0b] Cannot find executable for CFBundle 0xb3917d0 </Applications/Xcode.app/Contents/Developer/Platforms/iPhoneSimulator.platform/Developer/SDKs/iPhoneSimulator7.0.sdk/System/Library/AccessibilityBundles/GeoServices.axbundle> (not loaded)
2014-02-20 12:26:20.606 HelloWorld[11623:a0b] Cannot find executable for CFBundle 0xb0839d0 </Applications/Xcode.app/Contents/Developer/Platforms/iPhoneSimulator.platform/Developer/SDKs/iPhoneSimulator7.0.sdk/System/Library/AccessibilityBundles/CertUIFramework.axbundle> (not loaded)
2014-02-20 12:26:20.636 HelloWorld[11623:a0b] Multi-tasking -> Device: YES, App: YES
2014-02-20 12:26:20.645 HelloWorld[11623:a0b] Unlimited access to network resources
2014-02-20 12:26:20.809 HelloWorld[11623:a0b] Resetting plugins due to page load.
2014-02-20 12:26:20.852 HelloWorld[11623:a0b] Finished load of: file:///Users/f-itferial/Library/Application%20Support/iPhone%20Simulator/7.0.3/Applications/B918352A-FF7A-4333-88DA-43DFC17396F3/HelloWorld.app/www/index.html
2014-02-20 12:26:23.896 HelloWorld[11623:a0b] Resetting plugins due to page load.
2014-02-20 12:26:23.901 HelloWorld[11623:a0b] Finished load of: file:///Users/f-itferial/Library/Application%20Support/iPhone%20Simulator/7.0.3/Applications/B918352A-FF7A-4333-88DA-43DFC17396F3/HelloWorld.app/www/manuelID.html
2014-02-20 12:26:25.538 HelloWorld[11623:a0b] Resetting plugins due to page load.
2014-02-20 12:26:25.543 HelloWorld[11623:a0b] Finished load of: file:///Users/f-itferial/Library/Application%20Support/iPhone%20Simulator/7.0.3/Applications/B918352A-FF7A-4333-88DA-43DFC17396F3/HelloWorld.app/www/index.html
2014-02-20 12:26:28.361 HelloWorld[11623:a0b] Resetting plugins due to page load.
2014-02-20 12:26:28.366 HelloWorld[11623:a0b] Finished load of: file:///Users/f-itferial/Library/Application%20Support/iPhone%20Simulator/7.0.3/Applications/B918352A-FF7A-4333-88DA-43DFC17396F3/HelloWorld.app/www/index.html
objc[13260]: Class AXEmojiUtilities is implemented in both /Applications/Xcode.app/Contents/Developer/Platforms/iPhoneSimulator.platform/Developer/SDKs/iPhoneSimulator7.0.sdk/System/Library/PrivateFrameworks/AccessibilityUtilities.framework/AccessibilityUtilities and /Applications/Xcode.app/Contents/Developer/Platforms/iPhoneSimulator.platform/Developer/SDKs/iPhoneSimulator7.0.sdk/usr/lib/libAXSpeechManager.dylib. One of the two will be used. Which one is undefined.
2014-02-20 14:46:04.511 HelloWorld[13260:a0b] Cannot find executable for CFBundle 0xbca29d0 </Applications/Xcode.app/Contents/Developer/Platforms/iPhoneSimulator.platform/Developer/SDKs/iPhoneSimulator7.0.sdk/System/Library/AccessibilityBundles/GeoServices.axbundle> (not loaded)
2014-02-20 14:46:04.525 HelloWorld[13260:a0b] Cannot find executable for CFBundle 0xbaa0dc0 </Applications/Xcode.app/Contents/Developer/Platforms/iPhoneSimulator.platform/Developer/SDKs/iPhoneSimulator7.0.sdk/System/Library/AccessibilityBundles/CertUIFramework.axbundle> (not loaded)
2014-02-20 14:46:04.596 HelloWorld[13260:a0b] Multi-tasking -> Device: YES, App: YES
2014-02-20 14:46:04.602 HelloWorld[13260:a0b] Unlimited access to network resources
2014-02-20 14:46:04.744 HelloWorld[13260:a0b] Resetting plugins due to page load.
2014-02-20 14:46:04.820 HelloWorld[13260:a0b] Finished load of: file:///Users/f-itferial/Library/Application%20Support/iPhone%20Simulator/7.0.3/Applications/B918352A-FF7A-4333-88DA-43DFC17396F3/HelloWorld.app/www/index.html
2014-02-20 14:47:15.173 HelloWorld[13260:a0b] Resetting plugins due to page load.
2014-02-20 14:47:16.216 HelloWorld[13260:a0b] Finished load of: http://www.webqr.com/about.html
